Using pre-set license
Built from '2021.3/staging' branch; Version is '2021.3.15f1 (e8e88683f834) revision 15263878'; Using compiler version '192829333'; Build Type 'Release'
OS: 'Windows 10  (10.0.19044) 64bit Professional' Language: 'es' Physical Memory: 8059 MB
BatchMode: 1, IsHumanControllingUs: 0, StartBugReporterOnCrash: 0, Is64bit: 1, IsPro: 1

COMMAND LINE ARGUMENTS:
C:\Program Files\Unity\Hub\Editor\2021.3.15f1\Editor\Unity.exe
-adb2
-batchMode
-noUpm
-name
AssetImportWorker0
-projectPath
D:/Documents/GitHub/revture/application
-logFile
Logs/AssetImportWorker0.log
-srvPort
50216
Successfully changed project path to: D:/Documents/GitHub/revture/application
D:/Documents/GitHub/revture/application
[UnityMemory] Configuration Parameters - Can be set up in boot.config
    "memorysetup-bucket-allocator-granularity=16"
    "memorysetup-bucket-allocator-bucket-count=8"
    "memorysetup-bucket-allocator-block-size=33554432"
    "memorysetup-bucket-allocator-block-count=8"
    "memorysetup-main-allocator-block-size=16777216"
    "memorysetup-thread-allocator-block-size=16777216"
    "memorysetup-gfx-main-allocator-block-size=16777216"
    "memorysetup-gfx-thread-allocator-block-size=16777216"
    "memorysetup-cache-allocator-block-size=4194304"
    "memorysetup-typetree-allocator-block-size=2097152"
    "memorysetup-profiler-bucket-allocator-granularity=16"
    "memorysetup-profiler-bucket-allocator-bucket-count=8"
    "memorysetup-profiler-bucket-allocator-block-size=33554432"
    "memorysetup-profiler-bucket-allocator-block-count=8"
    "memorysetup-profiler-allocator-block-size=16777216"
    "memorysetup-profiler-editor-allocator-block-size=1048576"
    "memorysetup-temp-allocator-size-main=16777216"
    "memorysetup-job-temp-allocator-block-size=2097152"
    "memorysetup-job-temp-allocator-block-size-background=1048576"
    "memorysetup-job-temp-allocator-reduction-small-platforms=262144"
    "memorysetup-temp-allocator-size-background-worker=32768"
    "memorysetup-temp-allocator-size-job-worker=262144"
    "memorysetup-temp-allocator-size-preload-manager=33554432"
    "memorysetup-temp-allocator-size-nav-mesh-worker=65536"
    "memorysetup-temp-allocator-size-audio-worker=65536"
    "memorysetup-temp-allocator-size-cloud-worker=32768"
    "memorysetup-temp-allocator-size-gi-baking-worker=262144"
    "memorysetup-temp-allocator-size-gfx=262144"
Player connection [11804] Host "[IP] 192.168.1.95 [Port] 0 [Flags] 2 [Guid] 1961839115 [EditorId] 1961839115 [Version] 1048832 [Id] WindowsEditor(7,DESKTOP-VBAEDE6) [Debug] 1 [PackageName] WindowsEditor [ProjectName] Editor" joined multi-casting on [225.0.0.222:54997]...

Player connection [11804] Host "[IP] 192.168.1.95 [Port] 0 [Flags] 2 [Guid] 1961839115 [EditorId] 1961839115 [Version] 1048832 [Id] WindowsEditor(7,DESKTOP-VBAEDE6) [Debug] 1 [PackageName] WindowsEditor [ProjectName] Editor" joined alternative multi-casting on [225.0.0.222:34997]...

Refreshing native plugins compatible for Editor in 277.25 ms, found 4 plugins.
Preloading 0 native plugins for Editor in 0.00 ms.
Initialize engine version: 2021.3.15f1 (e8e88683f834)
[Subsystems] Discovering subsystems at path C:/Program Files/Unity/Hub/Editor/2021.3.15f1/Editor/Data/Resources/UnitySubsystems
[Subsystems] Discovering subsystems at path D:/Documents/GitHub/revture/application/Assets
GfxDevice: creating device client; threaded=0; jobified=0
Direct3D:
    Version:  Direct3D 11.0 [level 11.0]
    Renderer: Intel(R) HD Graphics 4000 (ID=0x166)
    Vendor:   Intel
    VRAM:     128 MB
    Driver:   10.18.10.5161
Initialize mono
Mono path[0] = 'C:/Program Files/Unity/Hub/Editor/2021.3.15f1/Editor/Data/Managed'
Mono path[1] = 'C:/Program Files/Unity/Hub/Editor/2021.3.15f1/Editor/Data/MonoBleedingEdge/lib/mono/unityjit-win32'
Mono config path = 'C:/Program Files/Unity/Hub/Editor/2021.3.15f1/Editor/Data/MonoBleedingEdge/etc'
Using monoOptions --debugger-agent=transport=dt_socket,embedding=1,server=y,suspend=n,address=127.0.0.1:56352
Begin MonoManager ReloadAssembly
Registering precompiled unity dll's ...
Register platform support module: C:/Program Files/Unity/Hub/Editor/2021.3.15f1/Editor/Data/PlaybackEngines/WindowsStandaloneSupport/UnityEditor.WindowsStandalone.Extensions.dll
Registered in 0.024295 seconds.
Native extension for WindowsStandalone target not found
Refreshing native plugins compatible for Editor in 232.10 ms, found 4 plugins.
Preloading 0 native plugins for Editor in 0.00 ms.
Mono: successfully reloaded assembly
- Completed reload, in  1.875 seconds
Domain Reload Profiling:
	ReloadAssembly (1876ms)
		BeginReloadAssembly (192ms)
			ExecutionOrderSort (0ms)
			DisableScriptedObjects (0ms)
			BackupInstance (0ms)
			ReleaseScriptingObjects (1ms)
			CreateAndSetChildDomain (4ms)
		EndReloadAssembly (1270ms)
			LoadAssemblies (183ms)
			RebuildTransferFunctionScriptingTraits (0ms)
			SetupTypeCache (255ms)
			ReleaseScriptCaches (0ms)
			RebuildScriptCaches (68ms)
			SetupLoadedEditorAssemblies (848ms)
				LogAssemblyErrors (0ms)
				InitializePlatformSupportModulesInManaged (19ms)
				SetLoadedEditorAssemblies (0ms)
				RefreshPlugins (232ms)
				BeforeProcessingInitializeOnLoad (6ms)
				ProcessInitializeOnLoadAttributes (445ms)
				ProcessInitializeOnLoadMethodAttributes (146ms)
				AfterProcessingInitializeOnLoad (0ms)
				EditorAssembliesLoaded (0ms)
			ExecutionOrderSort2 (0ms)
			AwakeInstancesAfterBackupRestoration (0ms)
Platform modules already initialized, skipping
Registering precompiled user dll's ...
Registered in 0.009981 seconds.
Begin MonoManager ReloadAssembly
Symbol file LoadedFromMemory doesn't match image D:\Documents\GitHub\revture\application\Library\PackageCache\com.unity.visualscripting@1.7.8\Editor\VisualScripting.Core\Dependencies\YamlDotNet\Unity.VisualScripting.YamlDotNet.dll
Symbol file LoadedFromMemory doesn't match image D:\Documents\GitHub\revture\application\Library\PackageCache\com.unity.visualscripting@1.7.8\Editor\VisualScripting.Core\Dependencies\DotNetZip\Unity.VisualScripting.IonicZip.dll
Native extension for WindowsStandalone target not found
Refreshing native plugins compatible for Editor in 817.74 ms, found 4 plugins.
Preloading 0 native plugins for Editor in 0.00 ms.
Mono: successfully reloaded assembly
- Completed reload, in  4.686 seconds
Domain Reload Profiling:
	ReloadAssembly (4688ms)
		BeginReloadAssembly (267ms)
			ExecutionOrderSort (0ms)
			DisableScriptedObjects (13ms)
			BackupInstance (0ms)
			ReleaseScriptingObjects (0ms)
			CreateAndSetChildDomain (38ms)
		EndReloadAssembly (4145ms)
			LoadAssemblies (214ms)
			RebuildTransferFunctionScriptingTraits (0ms)
			SetupTypeCache (620ms)
			ReleaseScriptCaches (2ms)
			RebuildScriptCaches (196ms)
			SetupLoadedEditorAssemblies (2962ms)
				LogAssemblyErrors (0ms)
				InitializePlatformSupportModulesInManaged (14ms)
				SetLoadedEditorAssemblies (1ms)
				RefreshPlugins (818ms)
				BeforeProcessingInitializeOnLoad (1153ms)
				ProcessInitializeOnLoadAttributes (731ms)
				ProcessInitializeOnLoadMethodAttributes (228ms)
				AfterProcessingInitializeOnLoad (17ms)
				EditorAssembliesLoaded (1ms)
			ExecutionOrderSort2 (0ms)
			AwakeInstancesAfterBackupRestoration (21ms)
Platform modules already initialized, skipping
========================================================================
Worker process is ready to serve import requests
Launched and connected shader compiler UnityShaderCompiler.exe after 0.27 seconds
Refreshing native plugins compatible for Editor in 2.24 ms, found 4 plugins.
Preloading 0 native plugins for Editor in 0.00 ms.
Unloading 5528 Unused Serialized files (Serialized files now loaded: 0)
Unloading 58 unused Assets / (1.2 MB). Loaded Objects now: 5967.
Memory consumption went from 217.1 MB to 215.8 MB.
Total: 14.335100 ms (FindLiveObjects: 0.647400 ms CreateObjectMapping: 0.870300 ms MarkObjects: 11.390000 ms  DeleteObjects: 1.424800 ms)

AssetImportParameters requested are different than current active one (requested -> active):
  custom:video-decoder-ogg-theora: a1e56fd34408186e4bbccfd4996cb3dc -> 
  custom:container-muxer-webm: aa71ff27fc2769a1b78a27578f13a17b -> 
  custom:container-demuxer-webm: 4f35f7cbe854078d1ac9338744f61a02 -> 
  custom:video-encoder-webm-vp8: eb34c28f22e8b96e1ab97ce403110664 -> 
  custom:audio-encoder-webm-vorbis: bf7c407c2cedff20999df2af8eb42d56 -> 
  custom:framework-win-MediaFoundation: 216162199b28c13a410421893ffa2e32 -> 
  custom:container-demuxer-ogg: 62fdf1f143b41e24485cea50d1cbac27 -> 
  custom:video-decoder-webm-vp8: 9c59270c3fd7afecdb556c50c9e8de78 -> 
  custom:audio-decoder-ogg-vorbis: bf7c407c2cedff20999df2af8eb42d56 -> 
========================================================================
Received Import Request.
  Time since last request: 19950.913103 seconds.
  path: Assets/Img/tilesets/grayscale.png
  artifactKey: Guid(2bbcde938bfef0b4293521ffccb29532) Importer(815301076,1909f56bfc062723c751e8b465ee728b)
Start importing Assets/Img/tilesets/grayscale.png using Guid(2bbcde938bfef0b4293521ffccb29532) Importer(815301076,1909f56bfc062723c751e8b465ee728b)  -> (artifact id: 'ee890b756d0fee8f1fc32f0475571006') in 0.369619 seconds 
========================================================================
Received Import Request.
  Time since last request: 0.000048 seconds.
  path: Assets/Img/tilesets/sewer_1.png
  artifactKey: Guid(f5d8c680fe7f314499cb0d4ea61c902f) Importer(815301076,1909f56bfc062723c751e8b465ee728b)
Start importing Assets/Img/tilesets/sewer_1.png using Guid(f5d8c680fe7f314499cb0d4ea61c902f) Importer(815301076,1909f56bfc062723c751e8b465ee728b)  -> (artifact id: 'e27b4efdf644ae9af81ec79e1b83194b') in 0.238209 seconds 
========================================================================
Received Import Request.
  Time since last request: 0.000061 seconds.
  path: Assets/Img/tilesets/lpc-victorian-decoration
  artifactKey: Guid(fe52cd899a7266a4899041a0099fb9c1) Importer(815301076,1909f56bfc062723c751e8b465ee728b)
Start importing Assets/Img/tilesets/lpc-victorian-decoration using Guid(fe52cd899a7266a4899041a0099fb9c1) Importer(815301076,1909f56bfc062723c751e8b465ee728b)  -> (artifact id: '89973176f988c78a40f8c8fa357ba67c') in 0.078283 seconds 
========================================================================
Received Import Request.
  Time since last request: 0.000170 seconds.
  path: Assets/Img/tilesets/cave.png
  artifactKey: Guid(594ae1180170a6e4e91c8f62d735a073) Importer(815301076,1909f56bfc062723c751e8b465ee728b)
Start importing Assets/Img/tilesets/cave.png using Guid(594ae1180170a6e4e91c8f62d735a073) Importer(815301076,1909f56bfc062723c751e8b465ee728b)  -> (artifact id: '4b6a8c1fc708ffe4044c24655f3450d4') in 0.317095 seconds 
========================================================================
Received Import Request.
  Time since last request: 0.000228 seconds.
  path: Assets/Img/tilesets/2dpixx_ccart_indoor_tileset
  artifactKey: Guid(93dc444bf02c75341a91f40dc7773f4f) Importer(815301076,1909f56bfc062723c751e8b465ee728b)
Start importing Assets/Img/tilesets/2dpixx_ccart_indoor_tileset using Guid(93dc444bf02c75341a91f40dc7773f4f) Importer(815301076,1909f56bfc062723c751e8b465ee728b)  -> (artifact id: '2a594a6eb0e98ec420f0007a2d5036fa') in 0.020269 seconds 
========================================================================
Received Import Request.
  Time since last request: 0.000065 seconds.
  path: Assets/Img/menu
  artifactKey: Guid(6d33eba813a513d41be9d9b93d79c898) Importer(815301076,1909f56bfc062723c751e8b465ee728b)
Start importing Assets/Img/menu using Guid(6d33eba813a513d41be9d9b93d79c898) Importer(815301076,1909f56bfc062723c751e8b465ee728b)  -> (artifact id: '36587cf0cc0582ca70500985a2930dc5') in 0.011451 seconds 
========================================================================
Received Import Request.
  Time since last request: 0.000038 seconds.
  path: Assets/Img/tilesets/dungeon_tiles.png
  artifactKey: Guid(1e04220cf87f8b5448f88bf2d273ae27) Importer(815301076,1909f56bfc062723c751e8b465ee728b)
Start importing Assets/Img/tilesets/dungeon_tiles.png using Guid(1e04220cf87f8b5448f88bf2d273ae27) Importer(815301076,1909f56bfc062723c751e8b465ee728b)  -> (artifact id: '57cfaf32afd8482c652ae6139c82c7c1') in 0.066087 seconds 
========================================================================
Received Import Request.
  Time since last request: 0.000035 seconds.
  path: Assets/Img/tilesets/magecity.png
  artifactKey: Guid(004381e255192a449ac95b9211e99d15) Importer(815301076,1909f56bfc062723c751e8b465ee728b)
Start importing Assets/Img/tilesets/magecity.png using Guid(004381e255192a449ac95b9211e99d15) Importer(815301076,1909f56bfc062723c751e8b465ee728b)  -> (artifact id: '21a4ead8b653cdfa86059a1794f47f88') in 0.123270 seconds 
========================================================================
Received Import Request.
  Time since last request: 0.000039 seconds.
  path: Assets/Img/tilesets/2dpixx_ccart_indoor_tileset/2dpixx_ccart_indoor_tiles.png
  artifactKey: Guid(c957b3092df6adc43a8570b882f5977d) Importer(815301076,1909f56bfc062723c751e8b465ee728b)
Start importing Assets/Img/tilesets/2dpixx_ccart_indoor_tileset/2dpixx_ccart_indoor_tiles.png using Guid(c957b3092df6adc43a8570b882f5977d) Importer(815301076,1909f56bfc062723c751e8b465ee728b)  -> (artifact id: '17a988295017d3271e5e5314d41d665e') in 0.139091 seconds 
